C51 COMPILER V9.52.0.0   BEEP                                                              06/02/2016 10:19:05 PAGE 1   


C51 COMPILER V9.52.0.0, COMPILATION OF MODULE BEEP
OBJECT MODULE PLACED IN beep.OBJ
COMPILER INVOKED BY: C:\Keil\C51\BIN\C51.EXE beep.c LARGE BROWSE DEBUG OBJECTEXTEND TABS(2)

line level    source

   1          #include "beep.h"
   2          
   3          
   4          void click10msBZ()
   5          { 
   6   1        GetPwmBZ(0, 60);      //发声
   7   1        
   8   1        Delay10ms();
   9   1        
  10   1        PWMCR &= ~0x20;     //关闭PWM7信号输出
  11   1        P06 = 0;        //pin3 工作完 及  开机 时  为 强输出低。
  12   1      }
  13          
  14          
  15          
  16          void beep200msBZ()
  17          {
  18   1        
  19   1        GetPwmBZ(3, 60);      //发声
  20   1      
  21   1        Delay200ms();
  22   1        
  23   1        PWMCR &= ~0x20;     //关闭PWM7信号输出
  24   1        P06 = 0;        //pin3 工作完 及  开机 时  为 强输出低。
  25   1      }
  26          
  27          void btLink3sBZ()
  28          {
  29   1        GetPwmBZ(3, 60);      //发声
  30   1        Delay3000ms();
  31   1        PWMCR &= ~0x20;     //关闭PWM7信号输出
  32   1        P06 = 0;        //pin3 工作完 及  开机 时  为 强输出低。
  33   1      }
  34          
  35          
  36          void warningBZ(unsigned int DUTY)
  37          {
  38   1        GetPwmBZ(4, DUTY);      //发声
  39   1      }
  40          
  41          
  42          void lowBattery50msBZ()   //电量低于5%, 1分钟 beep 一声； beep 频率 4KHz   持续时间 50ms
  43          {
  44   1        GetPwmBZ(4, 60);      //发声
  45   1        Delay50ms();
  46   1        PWMCR &= ~0x20;     //关闭PWM7信号输出
  47   1        P06 = 0;        //pin3 工作完 及  开机 时  为 强输出低。
  48   1      }
  49          
  50          


MODULE INFORMATION:   STATIC OVERLAYABLE
   CODE SIZE        =     81    ----
   CONSTANT SIZE    =   ----    ----
C51 COMPILER V9.52.0.0   BEEP                                                              06/02/2016 10:19:05 PAGE 2   

   XDATA SIZE       =   ----    ----
   PDATA SIZE       =   ----    ----
   DATA SIZE        =   ----    ----
   IDATA SIZE       =   ----    ----
   BIT SIZE         =   ----    ----
END OF MODULE INFORMATION.


C51 COMPILATION COMPLETE.  0 WARNING(S),  0 ERROR(S)
