C51 COMPILER V9.52.0.0   BLE                                                               06/08/2016 14:58:01 PAGE 1   


C51 COMPILER V9.52.0.0, COMPILATION OF MODULE BLE
OBJECT MODULE PLACED IN BLE.OBJ
COMPILER INVOKED BY: C:\Keil\C51\BIN\C51.EXE BLE.c LARGE BROWSE DEBUG OBJECTEXTEND TABS(2)

line level    source

   1          #include "BLE.h"
   2          
   3          // ------------- 初始化 --------------------
   4          
   5          void ble_init()
   6          {
   7   1        P6M1 &= ~0xe0;  // BT_CTL MODE_CTL BRT 强输出
   8   1        P6M0 |= 0xe0;
   9   1      
  10   1        P6M1 |= 0x10; // BUSY 开漏
  11   1        P6M0 |= 0x10;
  12   1      
  13   1        BT_OPEN;
  14   1        WEEK_UP_BT;
  15   1        BLE_TRAN_MODE_IN; 
  16   1      }
  17          
  18          
  19          // ------------- 设置波特率  ----------------------
  20          
  21          // 成功 返回 1
  22          // 失败 返回 -1
  23          
  24          // 输入 id：
  25          // 00：2400 bps
  26          // 01：4800 bps
  27          // 02：9600 bps
  28          // 03：19200 bps
  29          // 04：38400 bps
  30          // 05：57600 bps
  31          // 06：115200 bps
  32          // --------------------------------------------------
  33          signed char ble_set_baud( unsigned char id )
  34          {
  35   1        int i = 0;
  36   1        clear_uart2_data();
  37   1        // set
  38   1        SendData2( 0x01 );
  39   1          SendData2( 0xfc );
  40   1          SendData2( 0x01 );
  41   1          SendData2( 0x01 );
  42   1          SendData2( id );
  43   1      
  44   1        Delay20ms();
  45   1      
  46   1        // check
  47   1        //if( uart2_rec_cnt != 4 )
  48   1        //  return -1;
  49   1        if( uart2_rec_cnt == 0 )
  50   1          return -1;
  51   1        for(; i  < uart2_rec_cnt; i++){
  52   2           SendData2( uart2_rec_data[i] );
  53   2        }
  54   1        if( uart2_rec_data[2] == 0x01 ){
  55   2          OledWriteWordByHex(3, 0, uart2_rec_cnt);
C51 COMPILER V9.52.0.0   BLE                                                               06/08/2016 14:58:01 PAGE 2   

  56   2          OledWriteMessage57("BLE set baud Success");
  57   2          return 1; // success
  58   2        }
  59   1        else {
  60   2          OledWriteWordByHex(3, 0, uart2_rec_cnt);
  61   2          OledWriteMessage57("BLE set baud False");
  62   2          return -1;
  63   2        }
  64   1      }
  65          
  66          
  67          // ---------------- 查询波特率 -----------------
  68          // 成功 返回 id
  69          // 失败 返回 -1
  70          // ---------------------------------------------
  71          signed char ble_inquire_baud(void)
  72          {
  73   1        clear_uart2_data();
  74   1        // inquire
  75   1        SendData2( 0x01 );
  76   1          SendData2( 0xfc );
  77   1          SendData2( 0x02 );
  78   1          SendData2( 0x00 );
  79   1      
  80   1        Delay50ms();
  81   1      
  82   1          // check
  83   1      
  84   1        if( uart2_rec_cnt != 5 ){
  85   2          //OledClear();
  86   2          OledWriteWordByHex(3, 0, uart2_rec_cnt);
  87   2          OledWriteMessage57("BLE baud read False1");
  88   2          return -1;
  89   2        }
  90   1        
  91   1        if( uart2_rec_data[3] == 0x01 ){
  92   2          //OledClear();
  93   2          OledWriteMessage57("BLE baud read Success");
  94   2          while(1);
  95   2          return uart2_rec_data[4]; // success
  96   2        }
  97   1        else{
  98   2          //OledClear();
  99   2          OledWriteMessage57("BLE baud read False2");
 100   2          return -1; 
 101   2        }
 102   1      }
 103          
 104          // ----------------- 发送数传 --------------
*** WARNING C294 IN LINE 95 OF BLE.c: unreachable code


MODULE INFORMATION:   STATIC OVERLAYABLE
   CODE SIZE        =    259    ----
   CONSTANT SIZE    =    104    ----
   XDATA SIZE       =   ----       3
   PDATA SIZE       =   ----    ----
   DATA SIZE        =   ----    ----
   IDATA SIZE       =   ----    ----
   BIT SIZE         =   ----    ----
END OF MODULE INFORMATION.


C51 COMPILATION COMPLETE.  1 WARNING(S),  0 ERROR(S)
