C51 COMPILER V9.52.0.0   STC15_CLK                                                         06/08/2016 14:58:03 PAGE 1   


C51 COMPILER V9.52.0.0, COMPILATION OF MODULE STC15_CLK
OBJECT MODULE PLACED IN stc15_clk.OBJ
COMPILER INVOKED BY: C:\Keil\C51\BIN\C51.EXE stc15_clk.c LARGE BROWSE DEBUG OBJECTEXTEND TABS(2)

line level    source

   1          
   2          #include "stc15_clk.h"
   3          
   4          void WeakUpDownMode(unsigned int time) 
   5          {
   6   1        unsigned char a = time & 0xff;
   7   1        unsigned char b = (time >> 8) & 0xff;
   8   1        b |= 0x80;
   9   1        WKTCL = a;
  10   1        WKTCH = b;
  11   1        //OledWriteWordByHex(1, 0, a);
  12   1        //OledWriteWordByHex(1, 16, b);
  13   1      }
  14          
  15          


MODULE INFORMATION:   STATIC OVERLAYABLE
   CODE SIZE        =     12    ----
   CONSTANT SIZE    =   ----    ----
   XDATA SIZE       =   ----    ----
   PDATA SIZE       =   ----    ----
   DATA SIZE        =   ----    ----
   IDATA SIZE       =   ----    ----
   BIT SIZE         =   ----    ----
END OF MODULE INFORMATION.


C51 COMPILATION COMPLETE.  0 WARNING(S),  0 ERROR(S)
