C51 COMPILER V9.52.0.0   STC15_ADC                                                         06/08/2016 09:44:05 PAGE 1   


C51 COMPILER V9.52.0.0, COMPILATION OF MODULE STC15_ADC
OBJECT MODULE PLACED IN stc15_adc.OBJ
COMPILER INVOKED BY: C:\Keil\C51\BIN\C51.EXE stc15_adc.c LARGE BROWSE DEBUG OBJECTEXTEND TABS(2)

line level    source

   1          #include "stc15_adc.h"
   2          #include "iap15.h"
   3          
   4          /*
   5          * 参数定义
   6          */
   7          #define ADC_POWER   0x80            //ADC电源控制位
   8          #define ADC_FLAG    0x10            //ADC完成标志
   9          #define ADC_START   0x08            //ADC起始控制位
  10          #define ADC_SPEEDLL 0x00            //540个时钟
  11          #define ADC_SPEEDL  0x20            //360个时钟
  12          #define ADC_SPEEDH  0x40            //180个时钟
  13          #define ADC_SPEEDHH 0x60            //90个时钟
  14          
  15          
  16          /*
  17          * 配置参数
  18          */
  19          #define ADC_SPEED ADC_SPEEDLL
  20          
  21          
  22          
  23          /*----------------------------
  24          初始化ADC,并开启该端口的中断
  25          输入 ch :
  26            0 : 选择P1.0作为A/D输入来用
  27            1 : 选择P1.1作为A/D输入来用
  28            2 : 选择P1.2作为A/D输入来用
  29            3 : 选择P1.3作为A/D输入来用
  30            4 : 选择P1.4作为A/D输入来用
  31            5 : 选择P1.5作为A/D输入来用
  32            6 : 选择P1.6作为A/D输入来用
  33            7 : 选择P1.7作为A/D输入来用 
  34          ----------------------------*/
  35          void AdcIntInit(unsigned char ch)
  36          {
  37   1          P1ASF = (1 << ch);                   //设置P1口为AD口
  38   1          ADC_RES = 0;                    //清除结果寄存器
  39   1          ADC_CONTR = ADC_POWER | ADC_SPEED | ADC_START | ch;
  40   1          Delay(2);                       //ADC上电并延时
  41   1          
  42   1        EADC = 1; 
  43   1        EA = 1;
  44   1      }
  45          
  46          
  47          
  48          /*----------------------------
  49          ADC中断服务程序
  50          // 进入中断以后关闭中断，使用查询模式进行
  51          ----------------------------*/
  52          void adc_isr_key() interrupt 5 using 1
  53          {
  54   1        unsigned int adcValue1 = 0;
  55   1        unsigned int adcValue2 = 0;
C51 COMPILER V9.52.0.0   STC15_ADC                                                         06/08/2016 09:44:05 PAGE 2   

  56   1        unsigned int keyAdcValue = 0;
  57   1        
  58   1        EADC = 0;           // 关闭adc中断
  59   1          ADC_CONTR &= !ADC_FLAG;         //清除ADC中断标志
  60   1          //ADC_CONTR &= ~ADC_FLAG;         //Close ADC
  61   1        Delay10ms();          // 延时10ms，消抖
  62   1      
  63   1        adcValue1 = read_adc256(3);
  64   1        Delay10ms();
  65   1        adcValue2 = read_adc256(3);
  66   1      
  67   1        if(adcValue1 > adcValue2){
  68   2          if(adcValue1 - adcValue2 < 35)
  69   2            keyAdcValue = (adcValue1 + adcValue2) / 2;
  70   2          else goto KEY_END;
  71   2        }
  72   1        else if(adcValue1 < adcValue2){
  73   2          if(adcValue2 - adcValue1 < 35)
  74   2            keyAdcValue = (adcValue1 + adcValue2) / 2;
  75   2          else goto KEY_END;
  76   2        }
  77   1        else keyAdcValue = adcValue1;
  78   1      
  79   1        if(keyAdcValue < 18){     // S1 : tuch  0
  80   2      
  81   2        }else if(keyAdcValue < 59){ // S2 : key+  36
  82   2      
  83   2        }else if(keyAdcValue < 105){ // S3 : key- 82
  84   2        
  85   2        }else if(keyAdcValue < 155){ // S4 : Mode 126
  86   2        
  87   2        }else if(keyAdcValue < 205){ // S5 : Enter  185
  88   2        
  89   2        }
  90   1      KEY_END:  
  91   1        EADC = 1; // 开启adc中断
  92   1      }
  93          
  94          /* 
  95          采集一次adc的值，精度1/256, 8位
  96          输入 ch : 端口
  97          输出 : 直接的采集结果
  98          */
  99          unsigned char read_adc256(unsigned char ch)
 100          {
 101   1        ADC_RES = 0;
 102   1        ADC_CONTR = ADC_POWER | ADC_SPEEDLL | ch | ADC_START;
 103   1          _nop_();                        //等待4个NOP
 104   1          _nop_();
 105   1          _nop_();
 106   1          _nop_();
 107   1          while (!(ADC_CONTR & ADC_FLAG));//等待ADC转换完成
 108   1          //ADC_CONTR &= ~ADC_FLAG;         //Close ADC
 109   1        ADC_CONTR &= !ADC_FLAG;     //清除ADC中断标志 --->  Close ADC
 110   1      
 111   1        return ADC_RES;                 //返回ADC结果   
 112   1      }
 113          
 114          /*
 115          功能 : 将adc采集到的数字量，通过基准值计算，得到模拟值大小、
 116          公式 : adc_result = 256 * (vin / vcc)
 117          输入 : 
C51 COMPILER V9.52.0.0   STC15_ADC                                                         06/08/2016 09:44:05 PAGE 3   

 118            adc_result : 数字量
 119            base : 基准值
 120          输出 : 模拟量大小
 121          */
 122          double dToA256(unsigned char adc_result, double base)
 123          {
 124   1        return (base * adc_result / 256);
 125   1      }
 126          
 127          
 128          
 129          /* 
 130          采集一次adc的值，精度1/1024, 10位
 131          输入 ch : 端口
 132          输出 : 直接的采集结果
 133          */
 134          unsigned int read_adc1024(unsigned char ch)
 135          {
 136   1        unsigned int output = 0;
 137   1        ADC_RES = 0;
 138   1        ADC_RESL = 0;
 139   1        ADC_CONTR = ADC_POWER | ADC_SPEEDLL | ch | ADC_START;
 140   1          _nop_();                        //等待4个NOP
 141   1          _nop_();
 142   1          _nop_();
 143   1          _nop_();
 144   1          while (!(ADC_CONTR & ADC_FLAG));//等待ADC转换完成
 145   1          //ADC_CONTR &= ~ADC_FLAG;         //Close ADC
 146   1        ADC_CONTR &= !ADC_FLAG;     //清除ADC中断标志 --->  Close ADC
 147   1      
 148   1        output = (ADC_RES << 2);  // 没有配置CLK_DIV.5(ADRJ),默认ADC_RES存放高8位, ADC_RESL存放低2位
 149   1        output |= ADC_RESL;
 150   1        return output;                 //返回ADC结果    
 151   1      }
 152          
 153          /*  
 154          功能 : 将adc采集到的数字量，通过基准值计算，得到模拟值大小
 155          公式 : adc_result = 1024 * (vin / vcc)
 156          输入 : 
 157            adc_result : 数字量
 158            base : 基准值
 159          输出 : 模拟量大小
 160          
 161          */
 162          double dToA1024(unsigned int adc_result, double base)
 163          {
 164   1        return (base * adc_result / 1024);
 165   1      }
 166          
 167          
 168          
 169          
 170          /*----------------------------
 171          软件延时
 172          ----------------------------*/
 173          void Delay(unsigned char n)
 174          {
 175   1          unsigned int x;
 176   1      
 177   1          while (n--)
 178   1          {
 179   2              x = 5000;
C51 COMPILER V9.52.0.0   STC15_ADC                                                         06/08/2016 09:44:05 PAGE 4   

 180   2              while (x--);
 181   2          }
 182   1      }
 183          
 184          
 185          


MODULE INFORMATION:   STATIC OVERLAYABLE
   CODE SIZE        =    365    ----
   CONSTANT SIZE    =   ----    ----
   XDATA SIZE       =   ----      15
   PDATA SIZE       =   ----    ----
   DATA SIZE        =   ----    ----
   IDATA SIZE       =   ----    ----
   BIT SIZE         =   ----    ----
END OF MODULE INFORMATION.


C51 COMPILATION COMPLETE.  0 WARNING(S),  0 ERROR(S)
